<!DOCTYPE html>
<html>
<head>
<meta http-equiv="Content-Type" content="text/html; charset=utf-8"/>
<meta http-equiv="x-ua-compatible" content="IE=edge"/>
<title>Test results - Class com.intive.rental.controller.RentalControllerTest</title>
<link href="../css/base-style.css" rel="stylesheet" type="text/css"/>
<link href="../css/style.css" rel="stylesheet" type="text/css"/>
<script src="../js/report.js" type="text/javascript"></script>
</head>
<body>
<div id="content">
<h1>Class com.intive.rental.controller.RentalControllerTest</h1>
<div class="breadcrumbs">
<a href="../index.html">all</a> &gt; 
<a href="../packages/com.intive.rental.controller.html">com.intive.rental.controller</a> &gt; RentalControllerTest</div>
<div id="summary">
<table>
<tr>
<td>
<div class="summaryGroup">
<table>
<tr>
<td>
<div class="infoBox" id="tests">
<div class="counter">12</div>
<p>tests</p>
</div>
</td>
<td>
<div class="infoBox" id="failures">
<div class="counter">0</div>
<p>failures</p>
</div>
</td>
<td>
<div class="infoBox" id="ignored">
<div class="counter">0</div>
<p>ignored</p>
</div>
</td>
<td>
<div class="infoBox" id="duration">
<div class="counter">0.878s</div>
<p>duration</p>
</div>
</td>
</tr>
</table>
</div>
</td>
<td>
<div class="infoBox success" id="successRate">
<div class="percent">100%</div>
<p>successful</p>
</div>
</td>
</tr>
</table>
</div>
<div id="tabs">
<ul class="tabLinks">
<li>
<a href="#tab0">Tests</a>
</li>
<li>
<a href="#tab1">Standard output</a>
</li>
</ul>
<div id="tab0" class="tab">
<h2>Tests</h2>
<table>
<thead>
<tr>
<th>Test</th>
<th>Duration</th>
<th>Result</th>
</tr>
</thead>
<tr>
<td class="success">createFamilyRental</td>
<td class="success">0.102s</td>
<td class="success">passed</td>
</tr>
<tr>
<td class="success">createFamilyRentalShortList</td>
<td class="success">0.009s</td>
<td class="success">passed</td>
</tr>
<tr>
<td class="success">createFamilyRentalWithAmountIncluded</td>
<td class="success">0.009s</td>
<td class="success">passed</td>
</tr>
<tr>
<td class="success">createFamilyRentalWithNoRentalsList</td>
<td class="success">0.009s</td>
<td class="success">passed</td>
</tr>
<tr>
<td class="success">createRental</td>
<td class="success">0.020s</td>
<td class="success">passed</td>
</tr>
<tr>
<td class="success">createRentalLowAmountRequest</td>
<td class="success">0.617s</td>
<td class="success">passed</td>
</tr>
<tr>
<td class="success">createRentalNoAmountRequest</td>
<td class="success">0.012s</td>
<td class="success">passed</td>
</tr>
<tr>
<td class="success">createRentalNullValuesRequest</td>
<td class="success">0.010s</td>
<td class="success">passed</td>
</tr>
<tr>
<td class="success">createSingleRentalWithRentalsIncluded</td>
<td class="success">0.010s</td>
<td class="success">passed</td>
</tr>
<tr>
<td class="success">getPort</td>
<td class="success">0.008s</td>
<td class="success">passed</td>
</tr>
<tr>
<td class="success">getRental</td>
<td class="success">0.032s</td>
<td class="success">passed</td>
</tr>
<tr>
<td class="success">getRentalNotFound</td>
<td class="success">0.040s</td>
<td class="success">passed</td>
</tr>
</table>
</div>
<div id="tab1" class="tab">
<h2>Standard output</h2>
<span class="code">
<pre>02:36:36.221 [Test worker] DEBUG org.springframework.test.context.junit4.SpringJUnit4ClassRunner - SpringJUnit4ClassRunner constructor called with [class com.intive.rental.controller.RentalControllerTest]
02:36:36.281 [Test worker] DEBUG org.springframework.test.context.BootstrapUtils - Instantiating CacheAwareContextLoaderDelegate from class [org.springframework.test.context.cache.DefaultCacheAwareContextLoaderDelegate]
02:36:36.304 [Test worker] DEBUG org.springframework.test.context.BootstrapUtils - Instantiating BootstrapContext using constructor [public org.springframework.test.context.support.DefaultBootstrapContext(java.lang.Class,org.springframework.test.context.CacheAwareContextLoaderDelegate)]
02:36:36.364 [Test worker] DEBUG org.springframework.test.context.BootstrapUtils - Instantiating TestContextBootstrapper for test class [com.intive.rental.controller.RentalControllerTest] from class [org.springframework.boot.test.context.SpringBootTestContextBootstrapper]
02:36:36.403 [Test worker] INFO org.springframework.boot.test.context.SpringBootTestContextBootstrapper - Neither @ContextConfiguration nor @ContextHierarchy found for test class [com.intive.rental.controller.RentalControllerTest], using SpringBootContextLoader
02:36:36.413 [Test worker] DEBUG org.springframework.test.context.support.AbstractContextLoader - Did not detect default resource location for test class [com.intive.rental.controller.RentalControllerTest]: class path resource [com/intive/rental/controller/RentalControllerTest-context.xml] does not exist
02:36:36.414 [Test worker] DEBUG org.springframework.test.context.support.AbstractContextLoader - Did not detect default resource location for test class [com.intive.rental.controller.RentalControllerTest]: class path resource [com/intive/rental/controller/RentalControllerTestContext.groovy] does not exist
02:36:36.417 [Test worker] INFO org.springframework.test.context.support.AbstractContextLoader - Could not detect default resource locations for test class [com.intive.rental.controller.RentalControllerTest]: no resource found for suffixes {-context.xml, Context.groovy}.
02:36:36.419 [Test worker] INFO org.springframework.test.context.support.AnnotationConfigContextLoaderUtils - Could not detect default configuration classes for test class [com.intive.rental.controller.RentalControllerTest]: RentalControllerTest does not declare any static, non-private, non-final, nested classes annotated with @Configuration.
02:36:36.565 [Test worker] DEBUG org.springframework.test.context.support.ActiveProfilesUtils - Could not find an 'annotation declaring class' for annotation type [org.springframework.test.context.ActiveProfiles] and class [com.intive.rental.controller.RentalControllerTest]
02:36:36.791 [Test worker] DEBUG org.springframework.context.annotation.ClassPathScanningCandidateComponentProvider - Identified candidate component class: file [C:\Users\User\IdeaProjects\rental\rental-service\build\classes\java\main\com\intive\rental\RentalApplication.class]
02:36:36.797 [Test worker] INFO org.springframework.boot.test.context.SpringBootTestContextBootstrapper - Found @SpringBootConfiguration com.intive.rental.RentalApplication for test class com.intive.rental.controller.RentalControllerTest
02:36:37.024 [Test worker] DEBUG org.springframework.boot.test.context.SpringBootTestContextBootstrapper - @TestExecutionListeners is not present for class [com.intive.rental.controller.RentalControllerTest]: using defaults.
02:36:37.025 [Test worker] INFO org.springframework.boot.test.context.SpringBootTestContextBootstrapper - Loaded default TestExecutionListener class names from location [META-INF/spring.factories]: [org.springframework.boot.test.autoconfigure.restdocs.RestDocsTestExecutionListener, org.springframework.boot.test.autoconfigure.web.client.MockRestServiceServerResetTestExecutionListener, org.springframework.boot.test.autoconfigure.web.servlet.MockMvcPrintOnlyOnFailureTestExecutionListener, org.springframework.boot.test.autoconfigure.web.servlet.WebDriverTestExecutionListener, org.springframework.boot.test.mock.mockito.MockitoTestExecutionListener, org.springframework.boot.test.mock.mockito.ResetMocksTestExecutionListener, org.springframework.test.context.web.ServletTestExecutionListener, org.springframework.test.context.support.DirtiesContextBeforeModesTestExecutionListener, org.springframework.test.context.support.DependencyInjectionTestExecutionListener, org.springframework.test.context.support.DirtiesContextTestExecutionListener, org.springframework.test.context.transaction.TransactionalTestExecutionListener, org.springframework.test.context.jdbc.SqlScriptsTestExecutionListener]
02:36:37.068 [Test worker] INFO org.springframework.boot.test.context.SpringBootTestContextBootstrapper - Using TestExecutionListeners: [org.springframework.test.context.web.ServletTestExecutionListener@530b5ae6, org.springframework.test.context.support.DirtiesContextBeforeModesTestExecutionListener@1445990d, org.springframework.boot.test.mock.mockito.MockitoTestExecutionListener@142f9d2d, org.springframework.boot.test.autoconfigure.SpringBootDependencyInjectionTestExecutionListener@4a23d301, org.springframework.test.context.support.DirtiesContextTestExecutionListener@43f67cc9, org.springframework.test.context.transaction.TransactionalTestExecutionListener@7b43184b, org.springframework.test.context.jdbc.SqlScriptsTestExecutionListener@13ed34fb, org.springframework.boot.test.autoconfigure.restdocs.RestDocsTestExecutionListener@4782465c, org.springframework.boot.test.autoconfigure.web.client.MockRestServiceServerResetTestExecutionListener@37e26a51, org.springframework.boot.test.autoconfigure.web.servlet.MockMvcPrintOnlyOnFailureTestExecutionListener@5480ada6, org.springframework.boot.test.autoconfigure.web.servlet.WebDriverTestExecutionListener@2e301121, org.springframework.boot.test.mock.mockito.ResetMocksTestExecutionListener@7bd5021d]
02:36:37.073 [Test worker] DEBUG org.springframework.test.annotation.ProfileValueUtils - Retrieved @ProfileValueSourceConfiguration [null] for test class [com.intive.rental.controller.RentalControllerTest]
02:36:37.074 [Test worker] DEBUG org.springframework.test.annotation.ProfileValueUtils - Retrieved ProfileValueSource type [class org.springframework.test.annotation.SystemProfileValueSource] for class [com.intive.rental.controller.RentalControllerTest]
02:36:37.075 [Test worker] DEBUG org.springframework.test.annotation.ProfileValueUtils - Retrieved @ProfileValueSourceConfiguration [null] for test class [com.intive.rental.controller.RentalControllerTest]
02:36:37.075 [Test worker] DEBUG org.springframework.test.annotation.ProfileValueUtils - Retrieved ProfileValueSource type [class org.springframework.test.annotation.SystemProfileValueSource] for class [com.intive.rental.controller.RentalControllerTest]
02:36:37.086 [Test worker] DEBUG org.springframework.test.context.support.AbstractDirtiesContextTestExecutionListener - Before test class: context [DefaultTestContext@419a280 testClass = RentalControllerTest, testInstance = [null], testMethod = [null], testException = [null], mergedContextConfiguration = [WebMergedContextConfiguration@58afdf26 testClass = RentalControllerTest, locations = '{}', classes = '{class com.intive.rental.RentalApplication}', contextInitializerClasses = '[]', activeProfiles = '{}', propertySourceLocations = '{}', propertySourceProperties = '{org.springframework.boot.test.context.SpringBootTestContextBootstrapper=true, server.port=0}', contextCustomizers = set[org.springframework.boot.test.autoconfigure.properties.PropertyMappingContextCustomizer@0, org.springframework.boot.test.autoconfigure.web.servlet.WebDriverContextCustomizerFactory$Customizer@27791219, org.springframework.boot.test.context.filter.ExcludeFilterContextCustomizer@527d7b91, org.springframework.boot.test.json.DuplicateJsonObjectContextCustomizerFactory$DuplicateJsonObjectContextCustomizer@7581679f, org.springframework.boot.test.mock.mockito.MockitoContextCustomizer@77d6caf3, org.springframework.boot.test.web.client.TestRestTemplateContextCustomizer@6f57f0fb], resourceBasePath = 'src/main/webapp', contextLoader = 'org.springframework.boot.test.context.SpringBootContextLoader', parent = [null]], attributes = map['org.springframework.test.context.web.ServletTestExecutionListener.activateListener' -&gt; false]], class annotated with @DirtiesContext [false] with mode [null].
02:36:37.087 [Test worker] DEBUG org.springframework.test.annotation.ProfileValueUtils - Retrieved @ProfileValueSourceConfiguration [null] for test class [com.intive.rental.controller.RentalControllerTest]
02:36:37.087 [Test worker] DEBUG org.springframework.test.annotation.ProfileValueUtils - Retrieved ProfileValueSource type [class org.springframework.test.annotation.SystemProfileValueSource] for class [com.intive.rental.controller.RentalControllerTest]
02:36:37.146 [Test worker] DEBUG org.springframework.test.context.support.TestPropertySourceUtils - Adding inlined properties to environment: {spring.jmx.enabled=false, org.springframework.boot.test.context.SpringBootTestContextBootstrapper=true, server.port=0}

  .   ____          _            __ _ _
 /\\ / ___'_ __ _ _(_)_ __  __ _ \ \ \ \
( ( )\___ | '_ | '_| | '_ \/ _` | \ \ \ \
 \\/  ___)| |_)| | | | | || (_| |  ) ) ) )
  '  |____| .__|_| |_|_| |_\__, | / / / /
 =========|_|==============|___/=/_/_/_/
 :: Spring Boot ::        (v2.1.3.RELEASE)

2019-05-16 02:36:37.851  INFO 6188 --- [    Test worker] c.i.r.controller.RentalControllerTest    : Starting RentalControllerTest on User-PC with PID 6188 (started by User in C:\Users\User\IdeaProjects\rental\rental-service)
2019-05-16 02:36:37.853  INFO 6188 --- [    Test worker] c.i.r.controller.RentalControllerTest    : No active profile set, falling back to default profiles: default
2019-05-16 02:36:38.572  INFO 6188 --- [    Test worker] .s.d.r.c.RepositoryConfigurationDelegate : Bootstrapping Spring Data repositories in DEFAULT mode.
2019-05-16 02:36:38.637  INFO 6188 --- [    Test worker] .s.d.r.c.RepositoryConfigurationDelegate : Finished Spring Data repository scanning in 60ms. Found 1 repository interfaces.
2019-05-16 02:36:39.868  INFO 6188 --- [    Test worker] o.s.b.w.embedded.tomcat.TomcatWebServer  : Tomcat initialized with port(s): 0 (http)
2019-05-16 02:36:39.903  INFO 6188 --- [    Test worker] o.apache.catalina.core.StandardService   : Starting service [Tomcat]
2019-05-16 02:36:39.903  INFO 6188 --- [    Test worker] org.apache.catalina.core.StandardEngine  : Starting Servlet engine: [Apache Tomcat/9.0.16]
2019-05-16 02:36:39.918  INFO 6188 --- [    Test worker] o.a.catalina.core.AprLifecycleListener   : The APR based Apache Tomcat Native library which allows optimal performance in production environments was not found on the java.library.path: [C:\Program Files\Java\jdk1.8.0_211\bin;C:\Windows\Sun\Java\bin;C:\Windows\system32;C:\Windows;C:\Program Files (x86)\Common Files\Oracle\Java\javapath;C:\Program Files (x86)\Intel\Intel(R) Management Engine Components\iCLS\;C:\Program Files\Intel\Intel(R) Management Engine Components\iCLS\;C:\Windows\system32;C:\Windows;C:\Windows\System32\Wbem;C:\Windows\System32\WindowsPowerShell\v1.0\;C:\Windows\System32\OpenSSH\;C:\Program Files (x86)\Intel\Intel(R) Management Engine Components\DAL;C:\Program Files\Intel\Intel(R) Management Engine Components\DAL;C:\Program Files (x86)\Intel\Intel(R) Management Engine Components\IPT;C:\Program Files\Intel\Intel(R) Management Engine Components\IPT;C:\Program Files\Java\jdk1.8.0_211\bin;C:\Program Files\Git\cmd;C:\Gradle\gradle-5.4.1\bin;C:\Maven\apache-maven-3.6.1\bin;C:\Users\User\AppData\Local\Microsoft\WindowsApps;;C:\Program Files\Docker Toolbox;.]
2019-05-16 02:36:40.033  INFO 6188 --- [    Test worker] o.a.c.c.C.[Tomcat].[localhost].[/]       : Initializing Spring embedded WebApplicationContext
2019-05-16 02:36:40.033  INFO 6188 --- [    Test worker] o.s.web.context.ContextLoader            : Root WebApplicationContext: initialization completed in 2142 ms
2019-05-16 02:36:40.901  INFO 6188 --- [    Test worker] org.mongodb.driver.cluster               : Cluster created with settings {hosts=[192.168.99.100:27017], mode=SINGLE, requiredClusterType=UNKNOWN, serverSelectionTimeout='30000 ms', maxWaitQueueSize=500}
2019-05-16 02:36:40.986  INFO 6188 --- [68.99.100:27017] org.mongodb.driver.connection            : Opened connection [connectionId{localValue:1, serverValue:25}] to 192.168.99.100:27017
2019-05-16 02:36:40.989  INFO 6188 --- [68.99.100:27017] org.mongodb.driver.cluster               : Monitor thread successfully connected to server with description ServerDescription{address=192.168.99.100:27017, type=STANDALONE, state=CONNECTED, ok=true, version=ServerVersion{versionList=[3, 4, 9]}, minWireVersion=0, maxWireVersion=5, maxDocumentSize=16777216, logicalSessionTimeoutMinutes=null, roundTripTimeNanos=1639900}
2019-05-16 02:36:41.144  INFO 6188 --- [    Test worker] m.c.i.MongoPersistentEntityIndexResolver : Found cycle for field '_id' in type 'RentalEntity' for path 'rentals -&gt; rentals'
2019-05-16 02:36:41.146  INFO 6188 --- [    Test worker] m.c.i.MongoPersistentEntityIndexResolver : Found cycle for field 'included_rentals' in type 'RentalEntity' for path 'rentals -&gt; rentals'
2019-05-16 02:36:41.636  INFO 6188 --- [    Test worker] o.s.s.concurrent.ThreadPoolTaskExecutor  : Initializing ExecutorService 'applicationTaskExecutor'
2019-05-16 02:36:42.062  INFO 6188 --- [    Test worker] o.s.b.w.embedded.tomcat.TomcatWebServer  : Tomcat started on port(s): 51220 (http) with context path ''
2019-05-16 02:36:42.065  INFO 6188 --- [    Test worker] c.i.r.controller.RentalControllerTest    : Started RentalControllerTest in 4.915 seconds (JVM running for 7.395)
2019-05-16 02:36:42.147  INFO 6188 --- [    Test worker] org.mongodb.driver.connection            : Opened connection [connectionId{localValue:2, serverValue:26}] to 192.168.99.100:27017
2019-05-16 02:36:42.487  INFO 6188 --- [o-auto-1-exec-1] o.a.c.c.C.[Tomcat].[localhost].[/]       : Initializing Spring DispatcherServlet 'dispatcherServlet'
2019-05-16 02:36:42.488  INFO 6188 --- [o-auto-1-exec-1] o.s.web.servlet.DispatcherServlet        : Initializing Servlet 'dispatcherServlet'
2019-05-16 02:36:42.501  INFO 6188 --- [o-auto-1-exec-1] o.s.web.servlet.DispatcherServlet        : Completed initialization in 13 ms
2019-05-16 02:36:42.644  WARN 6188 --- [o-auto-1-exec-1] .w.s.m.s.DefaultHandlerExceptionResolver : Resolved [org.springframework.web.bind.MethodArgumentNotValidException: Validation failed for argument [0] in public com.intive.rental.dto.Rental com.intive.rental.controller.RentalController.postRental(com.intive.rental.dto.request.CreateRentalRequest): [Field error in object 'createRentalRequest' on field 'amount': rejected value [-2]; codes [Min.createRentalRequest.amount,Min.amount,Min.java.lang.Integer,Min]; arguments [org.springframework.context.support.DefaultMessageSourceResolvable: codes [createRentalRequest.amount,amount]; arguments []; default message [amount],1]; default message [amount should be greater than 0]] ]
2019-05-16 02:36:42.708  WARN 6188 --- [o-auto-1-exec-2] .w.s.m.s.DefaultHandlerExceptionResolver : Resolved [org.springframework.web.bind.MethodArgumentNotValidException: Validation failed for argument [0] in public com.intive.rental.dto.Rental com.intive.rental.controller.RentalController.postRental(com.intive.rental.dto.request.CreateRentalRequest): [Field error in object 'createRentalRequest' on field 'validSingleRental': rejected value [false]; codes [AssertTrue.createRentalRequest.validSingleRental,AssertTrue.validSingleRental,AssertTrue.boolean,AssertTrue]; arguments [org.springframework.context.support.DefaultMessageSourceResolvable: codes [createRentalRequest.validSingleRental,validSingleRental]; arguments []; default message [validSingleRental]]; default message [parameters sent do not match with rental type]] ]
2019-05-16 02:36:42.720  WARN 6188 --- [o-auto-1-exec-3] .w.s.m.s.DefaultHandlerExceptionResolver : Resolved [org.springframework.web.bind.MethodArgumentNotValidException: Validation failed for argument [0] in public com.intive.rental.dto.Rental com.intive.rental.controller.RentalController.postRental(com.intive.rental.dto.request.CreateRentalRequest): [Field error in object 'createRentalRequest' on field 'validFamilyRental': rejected value [false]; codes [AssertTrue.createRentalRequest.validFamilyRental,AssertTrue.validFamilyRental,AssertTrue.boolean,AssertTrue]; arguments [org.springframework.context.support.DefaultMessageSourceResolvable: codes [createRentalRequest.validFamilyRental,validFamilyRental]; arguments []; default message [validFamilyRental]]; default message [parameters sent do not match with family type]] ]
2019-05-16 02:36:42.729  WARN 6188 --- [o-auto-1-exec-4] .w.s.m.s.DefaultHandlerExceptionResolver : Resolved [org.springframework.web.bind.MethodArgumentNotValidException: Validation failed for argument [0] in public com.intive.rental.dto.Rental com.intive.rental.controller.RentalController.postRental(com.intive.rental.dto.request.CreateRentalRequest): [Field error in object 'createRentalRequest' on field 'rentals': rejected value [[]]; codes [Size.createRentalRequest.rentals,Size.rentals,Size.java.util.List,Size]; arguments [org.springframework.context.support.DefaultMessageSourceResolvable: codes [createRentalRequest.rentals,rentals]; arguments []; default message [rentals],5,3]; default message [rentals length must between 3 and 5]] ]
2019-05-16 02:36:42.739  WARN 6188 --- [o-auto-1-exec-5] .w.s.m.s.DefaultHandlerExceptionResolver : Resolved [org.springframework.web.bind.MethodArgumentNotValidException: Validation failed for argument [0] in public com.intive.rental.dto.Rental com.intive.rental.controller.RentalController.postRental(com.intive.rental.dto.request.CreateRentalRequest): [Field error in object 'createRentalRequest' on field 'validFamilyRental': rejected value [false]; codes [AssertTrue.createRentalRequest.validFamilyRental,AssertTrue.validFamilyRental,AssertTrue.boolean,AssertTrue]; arguments [org.springframework.context.support.DefaultMessageSourceResolvable: codes [createRentalRequest.validFamilyRental,validFamilyRental]; arguments []; default message [validFamilyRental]]; default message [parameters sent do not match with family type]] ]
2019-05-16 02:36:42.752  INFO 6188 --- [o-auto-1-exec-6] c.i.rental.controller.RentalController   : Received new request for getting bike rental with id: invalid_id
2019-05-16 02:36:42.801  WARN 6188 --- [o-auto-1-exec-7] .w.s.m.s.DefaultHandlerExceptionResolver : Resolved [org.springframework.web.bind.MethodArgumentNotValidException: Validation failed for argument [0] in public com.intive.rental.dto.Rental com.intive.rental.controller.RentalController.postRental(com.intive.rental.dto.request.CreateRentalRequest): [Field error in object 'createRentalRequest' on field 'type': rejected value [null]; codes [NotNull.createRentalRequest.type,NotNull.type,NotNull.com.intive.rental.dto.constant.RentalType,NotNull]; arguments [org.springframework.context.support.DefaultMessageSourceResolvable: codes [createRentalRequest.type,type]; arguments []; default message [type]]; default message [type is required]] ]
2019-05-16 02:36:42.810  INFO 6188 --- [o-auto-1-exec-8] c.i.rental.controller.RentalController   : Received new request for saving bike rental: CreateRentalRequest(type=FAMILY, amount=null, rentals=[CreateRentalRequest(type=DAILY, amount=2, rentals=null), CreateRentalRequest(type=DAILY, amount=2, rentals=null), CreateRentalRequest(type=DAILY, amount=2, rentals=null)])
2019-05-16 02:36:42.919  INFO 6188 --- [o-auto-1-exec-9] c.i.rental.controller.RentalController   : Received new request for saving bike rental: CreateRentalRequest(type=DAILY, amount=2, rentals=null)
2019-05-16 02:36:42.927  INFO 6188 --- [-auto-1-exec-10] c.i.rental.controller.RentalController   : Received new request for getting bike rental with id: 5cdcf6ea6f4052182c6a26e1
2019-05-16 02:36:42.948  WARN 6188 --- [o-auto-1-exec-1] .w.s.m.s.DefaultHandlerExceptionResolver : Resolved [org.springframework.web.bind.MethodArgumentNotValidException: Validation failed for argument [0] in public com.intive.rental.dto.Rental com.intive.rental.controller.RentalController.postRental(com.intive.rental.dto.request.CreateRentalRequest): [Field error in object 'createRentalRequest' on field 'validSingleRental': rejected value [false]; codes [AssertTrue.createRentalRequest.validSingleRental,AssertTrue.validSingleRental,AssertTrue.boolean,AssertTrue]; arguments [org.springframework.context.support.DefaultMessageSourceResolvable: codes [createRentalRequest.validSingleRental,validSingleRental]; arguments []; default message [validSingleRental]]; default message [parameters sent do not match with rental type]] ]
2019-05-16 02:36:42.956  INFO 6188 --- [o-auto-1-exec-2] c.i.rental.controller.RentalController   : Received new request for saving bike rental: CreateRentalRequest(type=DAILY, amount=2, rentals=null)
</pre>
</span>
</div>
</div>
<div id="footer">
<p>
<div>
<label class="hidden" id="label-for-line-wrapping-toggle" for="line-wrapping-toggle">Wrap lines
<input id="line-wrapping-toggle" type="checkbox" autocomplete="off"/>
</label>
</div>Generated by 
<a href="http://www.gradle.org">Gradle 5.4.1</a> at May 16, 2019 2:36:44 AM</p>
</div>
</div>
</body>
</html>
